#
# A fatal error has been detected by the Java Runtime Environment:
#
#  SIGSEGV (0xb) at pc=0x000000010e056a10, pid=35046, tid=0x0000000000000307
#
# JRE version: Java(TM) SE Runtime Environment (8.0_301-b09) (build 1.8.0_301-b09)
# Java VM: Java HotSpot(TM) 64-Bit Server VM (25.301-b09 mixed mode bsd-amd64 compressed oops)
# Problematic frame:
# V  [libjvm.dylib+0x2fda10]  jni_IsSameObject+0x47
#
# Failed to write core dump. Core dumps have been disabled. To enable core dumping, try "ulimit -c unlimited" before starting Java again
#
# If you would like to submit a bug report, please visit:
#   http://bugreport.java.com/bugreport/crash.jsp
#

---------------  T H R E A D  ---------------

Current thread is native thread

siginfo: si_signo: 11 (SIGSEGV), si_code: 1 (SEGV_MAPERR), si_addr: 0x0000000000000278

Registers:
RAX=0x000000000000dead, RBX=0x0000000000000000, RCX=0x000000010ff43dc0, RDX=0x0000000000000000
RSP=0x00007ffee1ecb990, RBP=0x00007ffee1ecb9c0, RSI=0x00007fc961e1b751, RDI=0x00007fc960a58800
R8 =0x00007fff34763bfc, R9 =0x00007ffee1ecc160, R10=0x00007fff8cc9f5d8, R11=0x00007fff39075eed
R12=0x00007fc960a58a00, R13=0x00007fc960a58a00, R14=0x0000000000000000, R15=0x00007fc961e1b751
RIP=0x000000010e056a10, EFLAGS=0x0000000000010246, ERR=0x0000000000000006
  TRAPNO=0x000000000000000e

Top of Stack: (sp=0x00007ffee1ecb990)
0x00007ffee1ecb990:   0000000000000100 0000000000000000
0x00007ffee1ecb9a0:   00007fc961e18b50 00007fc961e1bf10
0x00007ffee1ecb9b0:   00007fc961e1bf10 0000000000000000
0x00007ffee1ecb9c0:   00007ffee1ecb9e0 00007fff39075f08
0x00007ffee1ecb9d0:   00007fc961e18b50 00007fc960a58a00
0x00007ffee1ecb9e0:   00007ffee1ecba00 00007fff39075d4d
0x00007ffee1ecb9f0:   00007fc961e18b50 00007fff6d4f5800
0x00007ffee1ecba00:   00007ffee1ecbaa0 0000000132a70ef0
0x00007ffee1ecba10:   0000000000000000 00007fff31a9649c
0x00007ffee1ecba20:   00007fff8bd5f818 00007fff789335e8
0x00007ffee1ecba30:   0000000000000000 000000000000000f
0x00007ffee1ecba40:   00007ffee1ecbfe0 00007fff6d4f6b27
0x00007ffee1ecba50:   00007fc95f585a40 00007fff8ba33788
0x00007ffee1ecba60:   00007ffee1ecba80 00007fff6d4f6954
0x00007ffee1ecba70:   0000000000000028 00007ffee1ecbae8
0x00007ffee1ecba80:   00007fc961e1bf10 00007fc961e54330
0x00007ffee1ecba90:   00007fc961df2ec0 0000000000000000
0x00007ffee1ecbaa0:   00007ffee1ecbab0 00007fff347589cf
0x00007ffee1ecbab0:   00007ffee1ecbad0 00007fff34758963
0x00007ffee1ecbac0:   00007fc961df31f0 0000000000000000
0x00007ffee1ecbad0:   00007ffee1ecbb50 00007fff347588d8
0x00007ffee1ecbae0:   00007fc961df31f0 00007fff951c0500
0x00007ffee1ecbaf0:   00000000c2000000 00007fff34758924
0x00007ffee1ecbb00:   00007fff8c2ae7e0 00007fc961df31f0
0x00007ffee1ecbb10:   00007fc961e54330 00007fc961e1bf10
0x00007ffee1ecbb20:   29834f791cac00f2 00007ffee1ecbb67
0x00007ffee1ecbb30:   00007fc961df31f0 00007ffee1ecc310
0x00007ffee1ecbb40:   00007ffee1ecc310 0000000000000000
0x00007ffee1ecbb50:   00007ffee1ecbb90 00007fff34758544
0x00007ffee1ecbb60:   00007ffee1ecc160 0000000000000000
0x00007ffee1ecbb70:   00007ffee1ecbc20 00007ffee1ecc310
0x00007ffee1ecbb80:   00007fff6d4f7660 00007fff6d4f5800 

Instructions: (pc=0x000000010e056a10)
0x000000010e0569f0:   de 00 00 74 17 8b 83 90 02 00 00 3d ac de 00 00
0x000000010e056a00:   74 0a 48 89 df e8 d4 25 26 00 31 db 48 89 5d d8
0x000000010e056a10:   c7 83 78 02 00 00 05 00 00 00 48 8d 05 0f 5d 42
0x000000010e056a20:   00 83 38 01 75 0d 48 8d 05 fe c8 41 00 8a 00 24 

Register to memory mapping:

RAX=0x000000000000dead is an unknown value
RBX=0x0000000000000000 is an unknown value
RCX=0x000000010ff43dc0 is an unknown value
RDX=0x0000000000000000 is an unknown value
RSP=0x00007ffee1ecb990 is an unknown value
RBP=0x00007ffee1ecb9c0 is an unknown value
RSI=0x00007fc961e1b751 is a weak global jni handle
RDI=0x00007fc960a58800 is an unknown value
R8 =0x00007fff34763bfc: __61-[_CFXNotificationRegistrar find:object:observer:enumerator:]_block_invoke+0 in /System/Library/Frameworks/CoreFoundation.framework/Versions/A/CoreFoundation at 0x00007fff346df000
R9 =0x00007ffee1ecc160 is an unknown value
R10=0x00007fff8cc9f5d8: OBJC_CLASS_$_JNFWeakJObjectWrapper+0 in /System/Library/Frameworks/JavaVM.framework/Versions/A/Frameworks/JavaNativeFoundation.framework/Versions/A/JavaNativeFoundation at 0x00007fff3906f000
R11=0x00007fff39075eed: -[JNFWeakJObjectWrapper _getWithEnv:]+0 in /System/Library/Frameworks/JavaVM.framework/Versions/A/Frameworks/JavaNativeFoundation.framework/Versions/A/JavaNativeFoundation at 0x00007fff3906f000
R12=0x00007fc960a58a00 is an unknown value
R13=0x00007fc960a58a00 is an unknown value
R14=0x0000000000000000 is an unknown value
R15=0x00007fc961e1b751 is a weak global jni handle


Stack: [0x00007ffee16cf000,0x00007ffee1ecf000],  sp=0x00007ffee1ecb990,  free space=8178k
Native frames: (J=compiled Java code, j=interpreted, Vv=VM code, C=native code)
V  [libjvm.dylib+0x2fda10]  jni_IsSameObject+0x47
C  [JavaNativeFoundation+0x6f08]  -[JNFWeakJObjectWrapper _getWithEnv:]+0x1b
C  [JavaNativeFoundation+0x6d4d]  -[JNFJObjectWrapper jObjectWithEnv:]+0x16
C  [libawt_lwawt.dylib+0xaef0]  -[AWTWindow _deliverMoveResizeEvent]+0x9c
C  [CoreFoundation+0x799cf]  __CFNOTIFICATIONCENTER_IS_CALLING_OUT_TO_AN_OBSERVER__+0xc
C  [CoreFoundation+0x79963]  ___CFXRegistrationPost1_block_invoke+0x3f
C  [CoreFoundation+0x798d8]  _CFXRegistrationPost1+0x174
C  [CoreFoundation+0x79544]  ___CFXNotificationPost_block_invoke+0x50
C  [CoreFoundation+0x496bd]  -[_CFXNotificationRegistrar find:object:observer:enumerator:]+0x612
C  [CoreFoundation+0x48b69]  _CFXNotificationPost+0x547
C  [Foundation+0x9866]  -[NSNotificationCenter postNotificationName:object:userInfo:]+0x3b
C  [AppKit+0x9ad6d]  -[NSWindow _setFrameCommon:display:fromServer:]+0xce0
C  [libawt_lwawt.dylib+0xd212]  __Java_sun_lwawt_macosx_CPlatformWindow_nativeSetNSWindowBounds_block_invoke+0x8a
C  [JavaNativeFoundation+0x6ff9]  +[JNFRunLoop _performCopiedBlock:]+0xf
C  [Foundation+0x9b1bd]  __NSThreadPerformPerform+0xcc
C  [CoreFoundation+0x83f12]  __CFRUNLOOP_IS_CALLING_OUT_TO_A_SOURCE0_PERFORM_FUNCTION__+0x11
C  [CoreFoundation+0x83eb1]  __CFRunLoopDoSource0+0x67
C  [CoreFoundation+0x83ccb]  __CFRunLoopDoSources0+0xd1
C  [CoreFoundation+0x829fa]  __CFRunLoopRun+0x39f
C  [CoreFoundation+0x81ffe]  CFRunLoopRunSpecific+0x1ce
C  [java+0x58cc]  CreateExecutionEnvironment+0x36b
C  [java+0x1ec6]  JLI_Launch+0x756
C  [java+0x81ea]  main+0x44
C  [libdyld.dylib+0x1acc9]  start+0x1


---------------  P R O C E S S  ---------------

VM state:not at safepoint (normal execution)

VM Mutex/Monitor currently owned by a thread: None

heap address: 0x0000000740000000, size: 2048 MB, Compressed Oops mode: Zero based, Oop shift amount: 3
Narrow klass base: 0x0000000000000000, Narrow klass shift: 3
Compressed class space size: 1073741824 Address: 0x00000007c0000000

Heap:
 PSYoungGen      total 38400K, used 23302K [0x0000000795580000, 0x0000000798000000, 0x00000007c0000000)
  eden space 33280K, 70% used [0x0000000795580000,0x0000000796c41bc0,0x0000000797600000)
  from space 5120K, 0% used [0x0000000797b00000,0x0000000797b00000,0x0000000798000000)
  to   space 5120K, 0% used [0x0000000797600000,0x0000000797600000,0x0000000797b00000)
 ParOldGen       total 48640K, used 9549K [0x0000000740000000, 0x0000000742f80000, 0x0000000795580000)
  object space 48640K, 19% used [0x0000000740000000,0x0000000740953458,0x0000000742f80000)
 Metaspace       used 26066K, capacity 27308K, committed 27392K, reserved 1073152K
  class space    used 3568K, capacity 3811K, committed 3840K, reserved 1048576K

Card table byte_map: [0x000000010f7c0000,0x000000010fbc1000] byte_map_base: 0x000000010bdc0000

Marking Bits: (ParMarkBitMap*) 0x000000010e47d298
 Begin Bits: [0x000000011ef7e000, 0x0000000120f7e000)
 End Bits:   [0x0000000120f7e000, 0x0000000122f7e000)

Polling page: 0x000000010eba3000

CodeCache: size=245760Kb used=9668Kb max_used=9776Kb free=236091Kb
 bounds [0x000000010ff7e000, 0x000000011091e000, 0x000000011ef7e000]
 total_blobs=3953 nmethods=3108 adapters=758
 compilation: enabled

Compilation events (10 events):
Event: 232.752 Thread 0x00007fc96006f800 3442       1       java.lang.Class::getAnnotationType (5 bytes)
Event: 232.753 Thread 0x00007fc96006f800 nmethod 3442 0x00000001104db0d0 code [0x00000001104db220, 0x00000001104db330]
Event: 232.753 Thread 0x00007fc96006f800 3443       3       java.util.ArrayList$SubList$1::next (79 bytes)
Event: 232.753 Thread 0x00007fc96006f800 nmethod 3443 0x00000001105b3450 code [0x00000001105b3600, 0x00000001105b3b88]
Event: 232.753 Thread 0x00007fc96006f800 3444       3       java.util.ArrayList$SubList$1::checkForComodification (26 bytes)
Event: 232.754 Thread 0x00007fc96006f800 nmethod 3444 0x00000001104bf390 code [0x00000001104bf500, 0x00000001104bf768]
Event: 232.758 Thread 0x00007fc96006f800 3445       1       java.util.zip.ZipFile::getName (5 bytes)
Event: 232.758 Thread 0x00007fc96006f800 nmethod 3445 0x00000001105c8550 code [0x00000001105c86a0, 0x00000001105c87b0]
Event: 232.796 Thread 0x00007fc96006f800 3446       1       java.awt.Component::getPeer (5 bytes)
Event: 232.796 Thread 0x00007fc96006f800 nmethod 3446 0x00000001104ce5d0 code [0x00000001104ce720, 0x00000001104ce830]

GC Heap History (6 events):
Event: 6.286 GC heap before
{Heap before GC invocations=1 (full 0):
 PSYoungGen      total 38400K, used 33280K [0x0000000795580000, 0x0000000798000000, 0x00000007c0000000)
  eden space 33280K, 100% used [0x0000000795580000,0x0000000797600000,0x0000000797600000)
  from space 5120K, 0% used [0x0000000797b00000,0x0000000797b00000,0x0000000798000000)
  to   space 5120K, 0% used [0x0000000797600000,0x0000000797600000,0x0000000797b00000)
 ParOldGen       total 87552K, used 0K [0x0000000740000000, 0x0000000745580000, 0x0000000795580000)
  object space 87552K, 0% used [0x0000000740000000,0x0000000740000000,0x0000000745580000)
 Metaspace       used 15748K, capacity 16658K, committed 16896K, reserved 1062912K
  class space    used 2298K, capacity 2487K, committed 2560K, reserved 1048576K
Event: 6.293 GC heap after
Heap after GC invocations=1 (full 0):
 PSYoungGen      total 38400K, used 4962K [0x0000000795580000, 0x0000000798000000, 0x00000007c0000000)
  eden space 33280K, 0% used [0x0000000795580000,0x0000000795580000,0x0000000797600000)
  from space 5120K, 96% used [0x0000000797600000,0x0000000797ad8ad0,0x0000000797b00000)
  to   space 5120K, 0% used [0x0000000797b00000,0x0000000797b00000,0x0000000798000000)
 ParOldGen       total 87552K, used 80K [0x0000000740000000, 0x0000000745580000, 0x0000000795580000)
  object space 87552K, 0% used [0x0000000740000000,0x0000000740014010,0x0000000745580000)
 Metaspace       used 15748K, capacity 16658K, committed 16896K, reserved 1062912K
  class space    used 2298K, capacity 2487K, committed 2560K, reserved 1048576K
}
Event: 61.360 GC heap before
{Heap before GC invocations=2 (full 0):
 PSYoungGen      total 38400K, used 29535K [0x0000000795580000, 0x0000000798000000, 0x00000007c0000000)
  eden space 33280K, 73% used [0x0000000795580000,0x0000000796d7f4c0,0x0000000797600000)
  from space 5120K, 96% used [0x0000000797600000,0x0000000797ad8ad0,0x0000000797b00000)
  to   space 5120K, 0% used [0x0000000797b00000,0x0000000797b00000,0x0000000798000000)
 ParOldGen       total 87552K, used 80K [0x0000000740000000, 0x0000000745580000, 0x0000000795580000)
  object space 87552K, 0% used [0x0000000740000000,0x0000000740014010,0x0000000745580000)
 Metaspace       used 20125K, capacity 21130K, committed 21248K, reserved 1067008K
  class space    used 2795K, capacity 3010K, committed 3072K, reserved 1048576K
Event: 61.378 GC heap after
Heap after GC invocations=2 (full 0):
 PSYoungGen      total 38400K, used 5096K [0x0000000795580000, 0x0000000798000000, 0x00000007c0000000)
  eden space 33280K, 0% used [0x0000000795580000,0x0000000795580000,0x0000000797600000)
  from space 5120K, 99% used [0x0000000797b00000,0x0000000797ffa170,0x0000000798000000)
  to   space 5120K, 0% used [0x0000000797600000,0x0000000797600000,0x0000000797b00000)
 ParOldGen       total 87552K, used 4644K [0x0000000740000000, 0x0000000745580000, 0x0000000795580000)
  object space 87552K, 5% used [0x0000000740000000,0x00000007404890f0,0x0000000745580000)
 Metaspace       used 20125K, capacity 21130K, committed 21248K, reserved 1067008K
  class space    used 2795K, capacity 3010K, committed 3072K, reserved 1048576K
}
Event: 61.378 GC heap before
{Heap before GC invocations=3 (full 1):
 PSYoungGen      total 38400K, used 5096K [0x0000000795580000, 0x0000000798000000, 0x00000007c0000000)
  eden space 33280K, 0% used [0x0000000795580000,0x0000000795580000,0x0000000797600000)
  from space 5120K, 99% used [0x0000000797b00000,0x0000000797ffa170,0x0000000798000000)
  to   space 5120K, 0% used [0x0000000797600000,0x0000000797600000,0x0000000797b00000)
 ParOldGen       total 87552K, used 4644K [0x0000000740000000, 0x0000000745580000, 0x0000000795580000)
  object space 87552K, 5% used [0x0000000740000000,0x00000007404890f0,0x0000000745580000)
 Metaspace       used 20125K, capacity 21130K, committed 21248K, reserved 1067008K
  class space    used 2795K, capacity 3010K, committed 3072K, reserved 1048576K
Event: 61.441 GC heap after
Heap after GC invocations=3 (full 1):
 PSYoungGen      total 38400K, used 0K [0x0000000795580000, 0x0000000798000000, 0x00000007c0000000)
  eden space 33280K, 0% used [0x0000000795580000,0x0000000795580000,0x0000000797600000)
  from space 5120K, 0% used [0x0000000797b00000,0x0000000797b00000,0x0000000798000000)
  to   space 5120K, 0% used [0x0000000797600000,0x0000000797600000,0x0000000797b00000)
 ParOldGen       total 48640K, used 9549K [0x0000000740000000, 0x0000000742f80000, 0x0000000795580000)
  object space 48640K, 19% used [0x0000000740000000,0x0000000740953458,0x0000000742f80000)
 Metaspace       used 20125K, capacity 21130K, committed 21248K, reserved 1067008K
  class space    used 2795K, capacity 3010K, committed 3072K, reserved 1048576K
}

Deoptimization events (10 events):
Event: 61.722 Thread 0x00007fc95f8d8800 Uncommon trap: reason=unstable_if action=reinterpret pc=0x0000000110215e04 method=java.lang.AbstractStringBuilder.append(Ljava/lang/String;)Ljava/lang/AbstractStringBuilder; @ 1
Event: 61.724 Thread 0x00007fc95f8d8800 Uncommon trap: reason=unstable_if action=reinterpret pc=0x000000011019f3cc method=java.lang.AbstractStringBuilder.append(Ljava/lang/String;)Ljava/lang/AbstractStringBuilder; @ 1
Event: 61.919 Thread 0x00007fc95f8d8800 Uncommon trap: reason=class_check action=maybe_recompile pc=0x00000001102c1598 method=java.util.HashMap.putVal(ILjava/lang/Object;Ljava/lang/Object;ZZ)Ljava/lang/Object; @ 253
Event: 61.920 Thread 0x00007fc95f8d8800 Uncommon trap: reason=bimorphic action=maybe_recompile pc=0x00000001102c15fc method=java.util.HashMap.putVal(ILjava/lang/Object;Ljava/lang/Object;ZZ)Ljava/lang/Object; @ 203
Event: 61.920 Thread 0x00007fc95f8d8800 Uncommon trap: reason=bimorphic action=maybe_recompile pc=0x00000001102c15fc method=java.util.HashMap.putVal(ILjava/lang/Object;Ljava/lang/Object;ZZ)Ljava/lang/Object; @ 203
Event: 61.921 Thread 0x00007fc95f8d8800 Uncommon trap: reason=class_check action=maybe_recompile pc=0x00000001102c1598 method=java.util.HashMap.putVal(ILjava/lang/Object;Ljava/lang/Object;ZZ)Ljava/lang/Object; @ 253
Event: 61.923 Thread 0x00007fc95f8d8800 Uncommon trap: reason=bimorphic action=maybe_recompile pc=0x00000001102c15fc method=java.util.HashMap.putVal(ILjava/lang/Object;Ljava/lang/Object;ZZ)Ljava/lang/Object; @ 203
Event: 61.923 Thread 0x00007fc95f8d8800 Uncommon trap: reason=bimorphic action=maybe_recompile pc=0x00000001102c15fc method=java.util.HashMap.putVal(ILjava/lang/Object;Ljava/lang/Object;ZZ)Ljava/lang/Object; @ 203
Event: 61.923 Thread 0x00007fc95f8d8800 Uncommon trap: reason=bimorphic action=maybe_recompile pc=0x00000001102c4a88 method=java.util.HashMap.putVal(ILjava/lang/Object;Ljava/lang/Object;ZZ)Ljava/lang/Object; @ 203
Event: 65.273 Thread 0x00007fc960a58800 Uncommon trap: reason=unstable_if action=reinterpret pc=0x000000011064f4e4 method=java.lang.Math.round(F)I @ 36

Classes redefined (0 events):
No events

Internal exceptions (10 events):
Event: 6.132 Thread 0x00007fc960a58800 Exception <a 'java/lang/ArrayIndexOutOfBoundsException'> (0x0000000797134b20) thrown at [/System/Volumes/Data/jenkins/workspace/8-2-build-macosx-x86_64/jdk8u301/1513/hotspot/src/share/vm/runtime/sharedRuntime.cpp, line 609]
Event: 6.179 Thread 0x00007fc960a58800 Exception <a 'java/lang/ArrayIndexOutOfBoundsException'> (0x00000007973017e8) thrown at [/System/Volumes/Data/jenkins/workspace/8-2-build-macosx-x86_64/jdk8u301/1513/hotspot/src/share/vm/runtime/sharedRuntime.cpp, line 609]
Event: 9.867 Thread 0x00007fc960a58800 Implicit null exception at 0x00000001105021ce to 0x0000000110502225
Event: 13.398 Thread 0x00007fc960a58800 Exception <a 'java/io/FileNotFoundException'> (0x000000079646a748) thrown at [/System/Volumes/Data/jenkins/workspace/8-2-build-macosx-x86_64/jdk8u301/1513/hotspot/src/share/vm/prims/jni.cpp, line 710]
Event: 23.150 Thread 0x00007fc960a58800 Exception <a 'java/io/FileNotFoundException'> (0x0000000796862e90) thrown at [/System/Volumes/Data/jenkins/workspace/8-2-build-macosx-x86_64/jdk8u301/1513/hotspot/src/share/vm/prims/jni.cpp, line 710]
Event: 28.494 Thread 0x00007fc95f8d8800 Implicit null exception at 0x0000000110570ffc to 0x00000001105710d5
Event: 61.315 Thread 0x00007fc95f8d8800 Exception <a 'java/io/FileNotFoundException'> (0x0000000796caf7d0) thrown at [/System/Volumes/Data/jenkins/workspace/8-2-build-macosx-x86_64/jdk8u301/1513/hotspot/src/share/vm/prims/jni.cpp, line 710]
Event: 61.316 Thread 0x00007fc95f8d8800 Exception <a 'java/io/FileNotFoundException'> (0x0000000796cb0308) thrown at [/System/Volumes/Data/jenkins/workspace/8-2-build-macosx-x86_64/jdk8u301/1513/hotspot/src/share/vm/prims/jni.cpp, line 710]
Event: 61.722 Thread 0x00007fc95f8d8800 Implicit null exception at 0x0000000110215a35 to 0x0000000110215df1
Event: 61.724 Thread 0x00007fc95f8d8800 Implicit null exception at 0x000000011019eff6 to 0x000000011019f3b5

Events (10 events):
Event: 149.085 loading class java/util/concurrent/Executors$DelegatedExecutorService done
Event: 149.085 loading class java/util/concurrent/Executors$FinalizableDelegatedExecutorService done
Event: 232.767 loading class org/bytedeco/javacv/FFmpegFrameGrabber$1
Event: 232.767 loading class org/bytedeco/javacv/FFmpegFrameGrabber$1 done
Event: 232.795 loading class org/bytedeco/javacv/CanvasFrame$4
Event: 232.795 loading class org/bytedeco/javacv/CanvasFrame$4 done
Event: 232.799 Executing VM operation: RevokeBias
Event: 232.800 Executing VM operation: RevokeBias done
Event: 232.800 Executing VM operation: RevokeBias
Event: 232.800 Executing VM operation: RevokeBias done


Dynamic libraries:
0x00007fff33844000 	/System/Library/Frameworks/Cocoa.framework/Versions/A/Cocoa
0x00007fff41021000 	/System/Library/Frameworks/Security.framework/Versions/A/Security
0x00007fff327ae000 	/System/Library/Frameworks/ApplicationServices.framework/Versions/A/ApplicationServices
0x00007fff6dbcb000 	/usr/lib/libz.1.dylib
0x00007fff6b68f000 	/usr/lib/libSystem.B.dylib
0x00007fff346df000 	/System/Library/Frameworks/CoreFoundation.framework/Versions/A/CoreFoundation
0x00007fff36d95000 	/System/Library/Frameworks/Foundation.framework/Versions/C/Foundation
0x00007fff6d4ef000 	/usr/lib/libobjc.A.dylib
0x00007fff3199f000 	/System/Library/Frameworks/AppKit.framework/Versions/C/AppKit
0x00007fff341c8000 	/System/Library/Frameworks/CoreData.framework/Versions/A/CoreData
0x00007fff656b0000 	/System/Library/PrivateFrameworks/UIFoundation.framework/Versions/A/UIFoundation
0x00007fff6075e000 	/System/Library/PrivateFrameworks/RemoteViewServices.framework/Versions/A/RemoteViewServices
0x00007fff68204000 	/System/Library/PrivateFrameworks/XCTTargetBootstrap.framework/Versions/A/XCTTargetBootstrap
0x00007fff345b3000 	/System/Library/Frameworks/CoreDisplay.framework/Versions/A/CoreDisplay
0x00007fff39c4e000 	/System/Library/Frameworks/Metal.framework/Versions/A/Metal
0x00007fff4e7b7000 	/System/Library/PrivateFrameworks/DesktopServicesPriv.framework/Versions/A/DesktopServicesPriv
0x00007fff6c7cc000 	/usr/lib/liblangid.dylib
0x00007fff4da50000 	/System/Library/PrivateFrameworks/CoreSVG.framework/Versions/A/CoreSVG
0x00007fff638b4000 	/System/Library/PrivateFrameworks/SkyLight.framework/Versions/A/SkyLight
0x00007fff34b60000 	/System/Library/Frameworks/CoreGraphics.framework/Versions/A/CoreGraphics
0x00007fff30373000 	/System/Library/Frameworks/Accelerate.framework/Versions/A/Accelerate
0x00007fff6dabc000 	/usr/lib/libxml2.2.dylib
0x00007fff59710000 	/System/Library/PrivateFrameworks/IconServices.framework/Versions/A/IconServices
0x00007fff37574000 	/System/Library/Frameworks/IOSurface.framework/Versions/A/IOSurface
0x00007fff6b1b9000 	/usr/lib/libDiagnosticMessagesClient.dylib
0x00007fff4e611000 	/System/Library/PrivateFrameworks/DFRFoundation.framework/Versions/A/DFRFoundation
0x00007fff6c55b000 	/usr/lib/libicucore.A.dylib
0x00007fff32ae0000 	/System/Library/Frameworks/AudioToolbox.framework/Versions/A/AudioToolbox
0x00007fff32bc3000 	/System/Library/Frameworks/AudioUnit.framework/Versions/A/AudioUnit
0x00007fff6b891000 	/usr/lib/libauto.dylib
0x00007fff4e6b3000 	/System/Library/PrivateFrameworks/DataDetectorsCore.framework/Versions/A/DataDetectorsCore
0x00007fff33365000 	/System/Library/Frameworks/Carbon.framework/Versions/A/Frameworks/HIToolbox.framework/Versions/A/HIToolbox
0x00007fff4021e000 	/System/Library/Frameworks/QuartzCore.framework/Versions/A/QuartzCore
0x00007fff336a4000 	/System/Library/Frameworks/Carbon.framework/Versions/A/Frameworks/SpeechRecognition.framework/Versions/A/SpeechRecognition
0x00007fff4e128000 	/System/Library/PrivateFrameworks/CoreUI.framework/Versions/A/CoreUI
0x00007fff33c33000 	/System/Library/Frameworks/CoreAudio.framework/Versions/A/CoreAudio
0x00007fff36a5a000 	/System/Library/Frameworks/DiskArbitration.framework/Versions/A/DiskArbitration
0x00007fff5b75d000 	/System/Library/PrivateFrameworks/MultitouchSupport.framework/Versions/A/MultitouchSupport
0x00007fff6c422000 	/usr/lib/libenergytrace.dylib
0x00007fff374ce000 	/System/Library/Frameworks/IOKit.framework/Versions/A/IOKit
0x00007fff35ac7000 	/System/Library/Frameworks/CoreServices.framework/Versions/A/CoreServices
0x00007fff5d8f4000 	/System/Library/PrivateFrameworks/PerformanceAnalysis.framework/Versions/A/PerformanceAnalysis
0x00007fff3f251000 	/System/Library/Frameworks/OpenGL.framework/Versions/A/OpenGL
0x00007fff33852000 	/System/Library/Frameworks/ColorSync.framework/Versions/A/ColorSync
0x00007fff351e2000 	/System/Library/Frameworks/CoreImage.framework/Versions/A/CoreImage
0x00007fff36539000 	/System/Library/Frameworks/CoreText.framework/Versions/A/CoreText
0x00007fff37604000 	/System/Library/Frameworks/ImageIO.framework/Versions/A/ImageIO
0x00007fff6b975000 	/usr/lib/libc++.1.dylib
0x00007fff6b9f1000 	/usr/lib/libcompression.dylib
0x00007fff6b4fd000 	/usr/lib/libMobileGestalt.dylib
0x00007fff65429000 	/System/Library/PrivateFrameworks/TextureIO.framework/Versions/A/TextureIO
0x00007fff6b7f4000 	/usr/lib/libate.dylib
0x00007fff59919000 	/System/Library/PrivateFrameworks/InternationalSupport.framework/Versions/A/InternationalSupport
0x00007fff6e48b000 	/usr/lib/system/libcache.dylib
0x00007fff6e491000 	/usr/lib/system/libcommonCrypto.dylib
0x00007fff6e49d000 	/usr/lib/system/libcompiler_rt.dylib
0x00007fff6e4a5000 	/usr/lib/system/libcopyfile.dylib
0x00007fff6e4af000 	/usr/lib/system/libcorecrypto.dylib
0x00007fff6e64e000 	/usr/lib/system/libdispatch.dylib
0x00007fff6e68f000 	/usr/lib/system/libdyld.dylib
0x00007fff6e6c6000 	/usr/lib/system/libkeymgr.dylib
0x00007fff6e6d4000 	/usr/lib/system/liblaunch.dylib
0x00007fff6e6d5000 	/usr/lib/system/libmacho.dylib
0x00007fff6e6db000 	/usr/lib/system/libquarantine.dylib
0x00007fff6e6de000 	/usr/lib/system/libremovefile.dylib
0x00007fff6e6e0000 	/usr/lib/system/libsystem_asl.dylib
0x00007fff6e6f8000 	/usr/lib/system/libsystem_blocks.dylib
0x00007fff6e6f9000 	/usr/lib/system/libsystem_c.dylib
0x00007fff6e781000 	/usr/lib/system/libsystem_configuration.dylib
0x00007fff6e785000 	/usr/lib/system/libsystem_coreservices.dylib
0x00007fff6e789000 	/usr/lib/system/libsystem_darwin.dylib
0x00007fff6e792000 	/usr/lib/system/libsystem_dnssd.dylib
0x00007fff6e79a000 	/usr/lib/system/libsystem_featureflags.dylib
0x00007fff6e79c000 	/usr/lib/system/libsystem_info.dylib
0x00007fff6e817000 	/usr/lib/system/libsystem_m.dylib
0x00007fff6e85f000 	/usr/lib/system/libsystem_malloc.dylib
0x00007fff6e887000 	/usr/lib/system/libsystem_networkextension.dylib
0x00007fff6e895000 	/usr/lib/system/libsystem_notify.dylib
0x00007fff6e8b3000 	/usr/lib/system/libsystem_sandbox.dylib
0x00007fff6e8b8000 	/usr/lib/system/libsystem_secinit.dylib
0x00007fff6e7ea000 	/usr/lib/system/libsystem_kernel.dylib
0x00007fff6e89f000 	/usr/lib/system/libsystem_platform.dylib
0x00007fff6e8a8000 	/usr/lib/system/libsystem_pthread.dylib
0x00007fff6e8bb000 	/usr/lib/system/libsystem_symptoms.dylib
0x00007fff6e8c3000 	/usr/lib/system/libsystem_trace.dylib
0x00007fff6e8db000 	/usr/lib/system/libunwind.dylib
0x00007fff6e8e1000 	/usr/lib/system/libxpc.dylib
0x00007fff6b9c8000 	/usr/lib/libc++abi.dylib
0x00007fff6c7ce000 	/usr/lib/liblzma.5.dylib
0x00007fff6c449000 	/usr/lib/libfakelink.dylib
0x00007fff6b781000 	/usr/lib/libarchive.2.dylib
0x00007fff420d1000 	/System/Library/Frameworks/SystemConfiguration.framework/Versions/A/SystemConfiguration
0x00007fff6b0ec000 	/usr/lib/libCRFSuite.dylib
0x00007fff32f56000 	/System/Library/Frameworks/CFNetwork.framework/Versions/A/CFNetwork
0x00007fff6b957000 	/usr/lib/libbsm.0.dylib
0x00007fff6e6c7000 	/usr/lib/system/libkxld.dylib
0x00007fff47fe6000 	/System/Library/PrivateFrameworks/AppleFSCompression.framework/Versions/A/AppleFSCompression
0x00007fff6bce2000 	/usr/lib/libcoretls.dylib
0x00007fff6bcf9000 	/usr/lib/libcoretls_cfhelpers.dylib
0x00007fff6d535000 	/usr/lib/libpam.2.dylib
0x00007fff6d66a000 	/usr/lib/libsqlite3.dylib
0x00007fff6daa9000 	/usr/lib/libxar.1.dylib
0x00007fff6b968000 	/usr/lib/libbz2.1.0.dylib
0x00007fff6c46a000 	/usr/lib/libiconv.2.dylib
0x00007fff6b9de000 	/usr/lib/libcharset.1.dylib
0x00007fff6cfd4000 	/usr/lib/libnetwork.dylib
0x00007fff6d53c000 	/usr/lib/libpcap.A.dylib
0x00007fff6b736000 	/usr/lib/libapple_nghttp2.dylib
0x00007fff35e7e000 	/System/Library/Frameworks/CoreServices.framework/Versions/A/Frameworks/FSEvents.framework/Versions/A/FSEvents
0x00007fff35b4e000 	/System/Library/Frameworks/CoreServices.framework/Versions/A/Frameworks/CarbonCore.framework/Versions/A/CarbonCore
0x00007fff360c1000 	/System/Library/Frameworks/CoreServices.framework/Versions/A/Frameworks/Metadata.framework/Versions/A/Metadata
0x00007fff3615a000 	/System/Library/Frameworks/CoreServices.framework/Versions/A/Frameworks/OSServices.framework/Versions/A/OSServices
0x00007fff36188000 	/System/Library/Frameworks/CoreServices.framework/Versions/A/Frameworks/SearchKit.framework/Versions/A/SearchKit
0x00007fff35ac8000 	/System/Library/Frameworks/CoreServices.framework/Versions/A/Frameworks/AE.framework/Versions/A/AE
0x00007fff35e87000 	/System/Library/Frameworks/CoreServices.framework/Versions/A/Frameworks/LaunchServices.framework/Versions/A/LaunchServices
0x00007fff35e30000 	/System/Library/Frameworks/CoreServices.framework/Versions/A/Frameworks/DictionaryServices.framework/Versions/A/DictionaryServices
0x00007fff361f0000 	/System/Library/Frameworks/CoreServices.framework/Versions/A/Frameworks/SharedFileList.framework/Versions/A/SharedFileList
0x00007fff3b071000 	/System/Library/Frameworks/NetFS.framework/Versions/A/NetFS
0x00007fff5bc8c000 	/System/Library/PrivateFrameworks/NetAuth.framework/Versions/A/NetAuth
0x00007fff685d1000 	/System/Library/PrivateFrameworks/login.framework/Versions/A/Frameworks/loginsupport.framework/Versions/A/loginsupport
0x00007fff64ef6000 	/System/Library/PrivateFrameworks/TCC.framework/Versions/A/TCC
0x00007fff4cbc3000 	/System/Library/PrivateFrameworks/CoreNLP.framework/Versions/A/CoreNLP
0x00007fff5b18b000 	/System/Library/PrivateFrameworks/MetadataUtilities.framework/Versions/A/MetadataUtilities
0x00007fff6c8a6000 	/usr/lib/libmecabra.dylib
0x00007fff6c7fe000 	/usr/lib/libmecab.dylib
0x00007fff6c45a000 	/usr/lib/libgermantok.dylib
0x00007fff6b71d000 	/usr/lib/libThaiTokenizer.dylib
0x00007fff6b123000 	/usr/lib/libChineseTokenizer.dylib
0x00007fff3038b000 	/System/Library/Frameworks/Accelerate.framework/Versions/A/Frameworks/vImage.framework/Versions/A/vImage
0x00007fff317f5000 	/System/Library/Frameworks/Accelerate.framework/Versions/A/Frameworks/vecLib.framework/Versions/A/vecLib
0x00007fff31732000 	/System/Library/Frameworks/Accelerate.framework/Versions/A/Frameworks/vecLib.framework/Versions/A/libvMisc.dylib
0x00007fff3155a000 	/System/Library/Frameworks/Accelerate.framework/Versions/A/Frameworks/vecLib.framework/Versions/A/libvDSP.dylib
0x00007fff309e2000 	/System/Library/Frameworks/Accelerate.framework/Versions/A/Frameworks/vecLib.framework/Versions/A/libBLAS.dylib
0x00007fff3111e000 	/System/Library/Frameworks/Accelerate.framework/Versions/A/Frameworks/vecLib.framework/Versions/A/libLAPACK.dylib
0x00007fff314ba000 	/System/Library/Frameworks/Accelerate.framework/Versions/A/Frameworks/vecLib.framework/Versions/A/libLinearAlgebra.dylib
0x00007fff31547000 	/System/Library/Frameworks/Accelerate.framework/Versions/A/Frameworks/vecLib.framework/Versions/A/libSparseBLAS.dylib
0x00007fff314d0000 	/System/Library/Frameworks/Accelerate.framework/Versions/A/Frameworks/vecLib.framework/Versions/A/libQuadrature.dylib
0x00007fff30c4a000 	/System/Library/Frameworks/Accelerate.framework/Versions/A/Frameworks/vecLib.framework/Versions/A/libBNNS.dylib
0x00007fff314d6000 	/System/Library/Frameworks/Accelerate.framework/Versions/A/Frameworks/vecLib.framework/Versions/A/libSparse.dylib
0x00007fff59d01000 	/System/Library/PrivateFrameworks/LanguageModeling.framework/Versions/A/LanguageModeling
0x00007fff4c573000 	/System/Library/PrivateFrameworks/CoreEmoji.framework/Versions/A/CoreEmoji
0x00007fff59e1f000 	/System/Library/PrivateFrameworks/LinguisticData.framework/Versions/A/LinguisticData
0x00007fff59dd0000 	/System/Library/PrivateFrameworks/Lexicon.framework/Versions/A/Lexicon
0x00007fff6b9df000 	/usr/lib/libcmph.dylib
0x00007fff3dc5f000 	/System/Library/Frameworks/OpenDirectory.framework/Versions/A/Frameworks/CFOpenDirectory.framework/Versions/A/CFOpenDirectory
0x00007fff3dc7c000 	/System/Library/Frameworks/OpenDirectory.framework/Versions/A/OpenDirectory
0x00007fff4609c000 	/System/Library/PrivateFrameworks/APFS.framework/Versions/A/APFS
0x00007fff4136b000 	/System/Library/Frameworks/SecurityFoundation.framework/Versions/A/SecurityFoundation
0x00007fff6daa5000 	/usr/lib/libutil.dylib
0x00007fff4daa8000 	/System/Library/PrivateFrameworks/CoreServicesStore.framework/Versions/A/CoreServicesStore
0x00007fff41422000 	/System/Library/Frameworks/ServiceManagement.framework/Versions/A/ServiceManagement
0x00007fff497b4000 	/System/Library/PrivateFrameworks/BackgroundTaskManagement.framework/Versions/A/BackgroundTaskManagement
0x00007fff6dba2000 	/usr/lib/libxslt.1.dylib
0x00007fff48658000 	/System/Library/PrivateFrameworks/AppleSystemInfo.framework/Versions/A/AppleSystemInfo
0x00007fff3781f000 	/System/Library/Frameworks/ImageIO.framework/Versions/A/Resources/libJPEG.dylib
0x00007fff37adb000 	/System/Library/Frameworks/ImageIO.framework/Versions/A/Resources/libTIFF.dylib
0x00007fff37abe000 	/System/Library/Frameworks/ImageIO.framework/Versions/A/Resources/libPng.dylib
0x00007fff37761000 	/System/Library/Frameworks/ImageIO.framework/Versions/A/Resources/libGIF.dylib
0x00007fff37765000 	/System/Library/Frameworks/ImageIO.framework/Versions/A/Resources/libJP2.dylib
0x00007fff37ad9000 	/System/Library/Frameworks/ImageIO.framework/Versions/A/Resources/libRadiance.dylib
0x00007fff6c423000 	/usr/lib/libexpat.1.dylib
0x00007fff48141000 	/System/Library/PrivateFrameworks/AppleJPEG.framework/Versions/A/AppleJPEG
0x00007fff50d83000 	/System/Library/PrivateFrameworks/FontServices.framework/libFontParser.dylib
0x00007fff675d7000 	/System/Library/PrivateFrameworks/WatchdogClient.framework/Versions/A/WatchdogClient
0x00007fff5935d000 	/System/Library/PrivateFrameworks/IOAccelerator.framework/Versions/A/IOAccelerator
0x00007fff39fe9000 	/System/Library/Frameworks/MetalPerformanceShaders.framework/Versions/A/MetalPerformanceShaders
0x00007fff55af6000 	/System/Library/PrivateFrameworks/GPUWrangler.framework/Versions/A/GPUWrangler
0x00007fff59372000 	/System/Library/PrivateFrameworks/IOPresentment.framework/Versions/A/IOPresentment
0x00007fff4e624000 	/System/Library/PrivateFrameworks/DSExternalDisplay.framework/Versions/A/DSExternalDisplay
0x00007fff3e5f0000 	/System/Library/Frameworks/OpenGL.framework/Versions/A/Libraries/libCoreFSCache.dylib
0x00007fff39d35000 	/System/Library/Frameworks/MetalPerformanceShaders.framework/Frameworks/MPSCore.framework/Versions/A/MPSCore
0x00007fff39d73000 	/System/Library/Frameworks/MetalPerformanceShaders.framework/Frameworks/MPSImage.framework/Versions/A/MPSImage
0x00007fff39e3a000 	/System/Library/Frameworks/MetalPerformanceShaders.framework/Frameworks/MPSNeuralNetwork.framework/Versions/A/MPSNeuralNetwork
0x00007fff39dfe000 	/System/Library/Frameworks/MetalPerformanceShaders.framework/Frameworks/MPSMatrix.framework/Versions/A/MPSMatrix
0x00007fff39f99000 	/System/Library/Frameworks/MetalPerformanceShaders.framework/Frameworks/MPSRayIntersector.framework/Versions/A/MPSRayIntersector
0x00007fff39e24000 	/System/Library/Frameworks/MetalPerformanceShaders.framework/Frameworks/MPSNDArray.framework/Versions/A/MPSNDArray
0x00007fff5b1d8000 	/System/Library/PrivateFrameworks/MetalTools.framework/Versions/A/MetalTools
0x00007fff4726e000 	/System/Library/PrivateFrameworks/AggregateDictionary.framework/Versions/A/AggregateDictionary
0x00007fff4bfcd000 	/System/Library/PrivateFrameworks/CoreAnalytics.framework/Versions/A/CoreAnalytics
0x00007fff48577000 	/System/Library/PrivateFrameworks/AppleSauce.framework/Versions/A/AppleSauce
0x00007fff6b3df000 	/usr/lib/libIOReport.dylib
0x00007fff366f1000 	/System/Library/Frameworks/CoreVideo.framework/Versions/A/CoreVideo
0x00007fff56f70000 	/System/Library/PrivateFrameworks/GraphVisualizer.framework/Versions/A/GraphVisualizer
0x00007fff502d7000 	/System/Library/PrivateFrameworks/FaceCore.framework/Versions/A/FaceCore
0x00007fff3dc06000 	/System/Library/Frameworks/OpenCL.framework/Versions/A/OpenCL
0x00007fff6b201000 	/usr/lib/libFosl_dynamic.dylib
0x00007fff5c6a1000 	/System/Library/PrivateFrameworks/OTSVG.framework/Versions/A/OTSVG
0x00007fff328b3000 	/System/Library/Frameworks/ApplicationServices.framework/Versions/A/Frameworks/ATS.framework/Versions/A/Resources/libFontRegistry.dylib
0x00007fff50f54000 	/System/Library/PrivateFrameworks/FontServices.framework/libhvf.dylib
0x00007fff3e5fb000 	/System/Library/Frameworks/OpenGL.framework/Versions/A/Libraries/libGFXShared.dylib
0x00007fff3e7d9000 	/System/Library/Frameworks/OpenGL.framework/Versions/A/Libraries/libGLU.dylib
0x00007fff3e604000 	/System/Library/Frameworks/OpenGL.framework/Versions/A/Libraries/libGL.dylib
0x00007fff3e60f000 	/System/Library/Frameworks/OpenGL.framework/Versions/A/Libraries/libGLImage.dylib
0x00007fff3e5ed000 	/System/Library/Frameworks/OpenGL.framework/Versions/A/Libraries/libCVMSPluginSupport.dylib
0x00007fff3e5f6000 	/System/Library/Frameworks/OpenGL.framework/Versions/A/Libraries/libCoreVMClient.dylib
0x00007fff6ce75000 	/usr/lib/libncurses.5.4.dylib
0x00007fff327af000 	/System/Library/Frameworks/ApplicationServices.framework/Versions/A/Frameworks/ATS.framework/Versions/A/ATS
0x00007fff3297c000 	/System/Library/Frameworks/ApplicationServices.framework/Versions/A/Frameworks/ColorSyncLegacy.framework/Versions/A/ColorSyncLegacy
0x00007fff32a1a000 	/System/Library/Frameworks/ApplicationServices.framework/Versions/A/Frameworks/HIServices.framework/Versions/A/HIServices
0x00007fff32a72000 	/System/Library/Frameworks/ApplicationServices.framework/Versions/A/Frameworks/LangAnalysis.framework/Versions/A/LangAnalysis
0x00007fff32a81000 	/System/Library/Frameworks/ApplicationServices.framework/Versions/A/Frameworks/PrintCore.framework/Versions/A/PrintCore
0x00007fff32ac7000 	/System/Library/Frameworks/ApplicationServices.framework/Versions/A/Frameworks/QD.framework/Versions/A/QD
0x00007fff32ad2000 	/System/Library/Frameworks/ApplicationServices.framework/Versions/A/Frameworks/SpeechSynthesis.framework/Versions/A/SpeechSynthesis
0x00007fff3294c000 	/System/Library/Frameworks/ApplicationServices.framework/Versions/A/Frameworks/ATSUI.framework/Versions/A/ATSUI
0x00007fff6c2b7000 	/usr/lib/libcups.2.dylib
0x00007fff39086000 	/System/Library/Frameworks/Kerberos.framework/Versions/A/Kerberos
0x00007fff371c7000 	/System/Library/Frameworks/GSS.framework/Versions/A/GSS
0x00007fff6d5f6000 	/usr/lib/libresolv.9.dylib
0x00007fff5711e000 	/System/Library/PrivateFrameworks/Heimdal.framework/Versions/A/Heimdal
0x00007fff39099000 	/System/Library/Frameworks/Kerberos.framework/Versions/A/Libraries/libHeimdalProxy.dylib
0x00007fff6c460000 	/usr/lib/libheimdal-asn1.dylib
0x00007fff4b466000 	/System/Library/PrivateFrameworks/CommonAuth.framework/Versions/A/CommonAuth
0x00007fff486f5000 	/System/Library/PrivateFrameworks/AssertionServices.framework/Versions/A/AssertionServices
0x00007fff49297000 	/System/Library/PrivateFrameworks/AudioToolboxCore.framework/Versions/A/AudioToolboxCore
0x00007fff68281000 	/System/Library/PrivateFrameworks/caulk.framework/Versions/A/caulk
0x00007fff49860000 	/System/Library/PrivateFrameworks/BaseBoard.framework/Versions/A/BaseBoard
0x00007fff608ec000 	/System/Library/PrivateFrameworks/RunningBoardServices.framework/Versions/A/RunningBoardServices
0x00007fff5d900000 	/System/Library/PrivateFrameworks/PersistentConnection.framework/Versions/A/PersistentConnection
0x00007fff602e6000 	/System/Library/PrivateFrameworks/ProtocolBuffer.framework/Versions/A/ProtocolBuffer
0x00007fff4b48a000 	/System/Library/PrivateFrameworks/CommonUtilities.framework/Versions/A/CommonUtilities
0x00007fff499ee000 	/System/Library/PrivateFrameworks/Bom.framework/Versions/A/Bom
0x00007fff6b0b2000 	/usr/lib/libAudioToolboxUtility.dylib
0x00007fff497be000 	/System/Library/PrivateFrameworks/Backup.framework/Versions/A/Backup
0x00007fff4e545000 	/System/Library/PrivateFrameworks/CrashReporterSupport.framework/Versions/A/CrashReporterSupport
0x00007fff6237a000 	/System/Library/PrivateFrameworks/Sharing.framework/Versions/A/Sharing
0x00007fff47d04000 	/System/Library/PrivateFrameworks/Apple80211.framework/Versions/A/Apple80211
0x00007fff494db000 	/System/Library/PrivateFrameworks/AuthKit.framework/Versions/A/AuthKit
0x00007fff4e255000 	/System/Library/PrivateFrameworks/CoreUtils.framework/Versions/A/CoreUtils
0x00007fff36736000 	/System/Library/Frameworks/CoreWLAN.framework/Versions/A/CoreWLAN
0x00007fff37354000 	/System/Library/Frameworks/IOBluetooth.framework/Versions/A/IOBluetooth
0x00007fff5b4dc000 	/System/Library/PrivateFrameworks/MobileKeyBag.framework/Versions/A/MobileKeyBag
0x00007fff4d05b000 	/System/Library/PrivateFrameworks/CorePhoneNumbers.framework/Versions/A/CorePhoneNumbers
0x00007fff480f4000 	/System/Library/PrivateFrameworks/AppleIDAuthSupport.framework/Versions/A/AppleIDAuthSupport
0x00007fff3b07e000 	/System/Library/Frameworks/Network.framework/Versions/A/Network
0x00007fff59bad000 	/System/Library/PrivateFrameworks/KeychainCircle.framework/Versions/A/KeychainCircle
0x00007fff3418f000 	/System/Library/Frameworks/CoreBluetooth.framework/Versions/A/CoreBluetooth
0x00007fff643f7000 	/System/Library/PrivateFrameworks/SpeechRecognitionCore.framework/Versions/A/SpeechRecognitionCore
0x000000010dd59000 	/Library/Java/JavaVirtualMachines/jdk1.8.0_301.jdk/Contents/Home/jre/lib/server/libjvm.dylib
0x000000010eb5f000 	/Library/Java/JavaVirtualMachines/jdk1.8.0_301.jdk/Contents/Home/jre/lib/libverify.dylib
0x000000010eb70000 	/Library/Java/JavaVirtualMachines/jdk1.8.0_301.jdk/Contents/Home/jre/lib/libjava.dylib
0x000000010ebed000 	/Library/Java/JavaVirtualMachines/jdk1.8.0_301.jdk/Contents/Home/jre/lib/libzip.dylib
0x0000000126ae3000 	/Library/Java/JavaVirtualMachines/jdk1.8.0_301.jdk/Contents/Home/jre/lib/libprism_es2.dylib
0x00007fff4da74000 	/System/Library/PrivateFrameworks/CoreServicesInternal.framework/Versions/A/CoreServicesInternal
0x00007fff3f261000 	/System/Library/Frameworks/OpenGL.framework/Versions/A/Resources/GLEngine.bundle/GLEngine
0x00007fff3e644000 	/System/Library/Frameworks/OpenGL.framework/Versions/A/Libraries/libGLProgrammability.dylib
0x00007fff2c0e5000 	/System/Library/Extensions/AppleIntelKBLGraphicsGLDriver.bundle/Contents/MacOS/AppleIntelKBLGraphicsGLDriver
0x00007fff55aea000 	/System/Library/PrivateFrameworks/GPUSupport.framework/Versions/A/Libraries/libGPUSupportMercury.dylib
0x00007fff3f3db000 	/System/Library/Frameworks/OpenGL.framework/Versions/A/Resources/GLRendererFloat.bundle/GLRendererFloat
0x00007fff3dbfd000 	/System/Library/Frameworks/OpenCL.framework/Versions/A/Libraries/libcldcpuengine.dylib
0x0000000126fad000 	/Library/Java/JavaVirtualMachines/jdk1.8.0_301.jdk/Contents/Home/jre/lib/libglass.dylib
0x00007fff36c52000 	/System/Library/Frameworks/FileProvider.framework/Versions/A/FileProvider
0x00007fff317f6000 	/System/Library/Frameworks/Accounts.framework/Versions/A/Accounts
0x00007fff55e1b000 	/System/Library/PrivateFrameworks/GenerationalStorage.framework/Versions/A/GenerationalStorage
0x00007fff4dffa000 	/System/Library/PrivateFrameworks/CoreSymbolication.framework/Versions/A/CoreSymbolication
0x00007fff64c37000 	/System/Library/PrivateFrameworks/SymptomDiagnosticReporter.framework/Versions/A/SymptomDiagnosticReporter
0x00007fff47809000 	/System/Library/PrivateFrameworks/AppContainer.framework/Versions/A/AppContainer
0x00007fff6d610000 	/usr/lib/libsandbox.1.dylib
0x00007fff6657b000 	/System/Library/PrivateFrameworks/UserManagement.framework/Versions/A/UserManagement
0x00007fff4a5a6000 	/System/Library/PrivateFrameworks/ChunkingLibrary.framework/Versions/A/ChunkingLibrary
0x00007fff4e779000 	/System/Library/PrivateFrameworks/DebugSymbols.framework/Versions/A/DebugSymbols
0x00007fff4787b000 	/System/Library/PrivateFrameworks/AppSandbox.framework/Versions/A/AppSandbox
0x00007fff62204000 	/System/Library/PrivateFrameworks/SecCodeWrapper.framework/Versions/A/SecCodeWrapper
0x00007fff6b4c7000 	/usr/lib/libMatch.1.dylib
0x00007fff2775f000 	/System/Library/CoreServices/RawCamera.bundle/Contents/MacOS/RawCamera
0x00007fff5b306000 	/System/Library/PrivateFrameworks/MobileAsset.framework/Versions/A/MobileAsset
0x00007fff64adf000 	/System/Library/PrivateFrameworks/StreamingZip.framework/Versions/A/StreamingZip
0x00007fff39501000 	/System/Library/Frameworks/MediaToolbox.framework/Versions/A/MediaToolbox
0x00007fff4bf7d000 	/System/Library/PrivateFrameworks/CoreAVCHD.framework/Versions/A/CoreAVCHD
0x00007fff3942b000 	/System/Library/Frameworks/MediaAccessibility.framework/Versions/A/MediaAccessibility
0x00007fff5a6bc000 	/System/Library/PrivateFrameworks/Mangrove.framework/Versions/A/Mangrove
0x00007fff358fe000 	/System/Library/Frameworks/CoreMedia.framework/Versions/A/CoreMedia
0x00007fff5a928000 	/System/Library/PrivateFrameworks/MediaExperience.framework/Versions/A/MediaExperience
0x00007fff423be000 	/System/Library/Frameworks/VideoToolbox.framework/Versions/A/VideoToolbox
0x00007fff4bba7000 	/System/Library/PrivateFrameworks/CoreAUC.framework/Versions/A/CoreAUC
0x00007fff6d668000 	/usr/lib/libspindump.dylib
0x00007fff48c46000 	/System/Library/PrivateFrameworks/AudioResourceArbitration.framework/Versions/A/AudioResourceArbitration
0x00007fff4865c000 	/System/Library/PrivateFrameworks/AppleVA.framework/Versions/A/AppleVA
0x00007fff30374000 	/System/Library/Frameworks/Accelerate.framework/Versions/A/Frameworks/vImage.framework/Versions/A/Libraries/libCGInterfaces.dylib
0x0000000127a41000 	/usr/lib/libobjc-trampolines.dylib
0x00007fff50ebb000 	/System/Library/PrivateFrameworks/FontServices.framework/libTrueTypeScaler.dylib
0x00007fff2d0ed000 	/System/Library/Extensions/AppleIntelKBLGraphicsMTLDriver.bundle/Contents/MacOS/AppleIntelKBLGraphicsMTLDriver
0x00007fff54445000 	/System/Library/PrivateFrameworks/GPUCompiler.framework/Versions/3902/Libraries/libmetal_timestamp.dylib
0x00007fff67347000 	/System/Library/PrivateFrameworks/ViewBridge.framework/Versions/A/ViewBridge
0x000000012a352000 	/Library/Java/JavaVirtualMachines/jdk1.8.0_301.jdk/Contents/Home/jre/lib/libjavafx_font.dylib
0x00007fff685d4000 	/System/Library/PrivateFrameworks/login.framework/Versions/A/login
0x000000012a57e000 	/Library/Java/JavaVirtualMachines/jdk1.8.0_301.jdk/Contents/Home/jre/lib/libprism_common.dylib
0x00007fff64cb1000 	/System/Library/PrivateFrameworks/SystemAdministration.framework/Versions/A/SystemAdministration
0x00007fff4ec91000 	/System/Library/PrivateFrameworks/DiskManagement.framework/Versions/A/DiskManagement
0x00007fff3697f000 	/System/Library/Frameworks/DirectoryService.framework/Versions/A/DirectoryService
0x00007fff4ebc8000 	/System/Library/PrivateFrameworks/DiskImages.framework/Versions/A/DiskImages
0x00007fff59ec8000 	/System/Library/PrivateFrameworks/LoginUIKit.framework/Versions/A/Frameworks/LoginUICore.framework/Versions/A/LoginUICore
0x00007fff6b12e000 	/usr/lib/libCoreStorage.dylib
0x00007fff6c2a4000 	/usr/lib/libcsfde.dylib
0x00007fff6d523000 	/usr/lib/libodfde.dylib
0x00007fff5a9b3000 	/System/Library/PrivateFrameworks/MediaKit.framework/Versions/A/MediaKit
0x00007fff3698b000 	/System/Library/Frameworks/DiscRecording.framework/Versions/A/DiscRecording
0x00007fff4ee45000 	/System/Library/PrivateFrameworks/EFILogin.framework/Versions/A/EFILogin
0x00007fff6028b000 	/System/Library/PrivateFrameworks/ProtectedCloudStorage.framework/Versions/A/ProtectedCloudStorage
0x00007fff6c318000 	/usr/lib/libcurl.4.dylib
0x00007fff6c19d000 	/usr/lib/libcrypto.44.dylib
0x00007fff6d948000 	/usr/lib/libssl.46.dylib
0x00007fff3909a000 	/System/Library/Frameworks/LDAP.framework/Versions/A/LDAP
0x00007fff65677000 	/System/Library/PrivateFrameworks/TrustEvaluationAgent.framework/Versions/A/TrustEvaluationAgent
0x00007fff6d655000 	/usr/lib/libsasl2.2.dylib
0x00007fff4c2e7000 	/System/Library/PrivateFrameworks/CoreDaemon.framework/Versions/B/CoreDaemon
0x00007fff48572000 	/System/Library/PrivateFrameworks/AppleSRP.framework/Versions/A/AppleSRP
0x000000012ac58000 	/Library/Java/JavaVirtualMachines/jdk1.8.0_301.jdk/Contents/Home/jre/lib/libnet.dylib
0x000000013278b000 	/Library/Java/JavaVirtualMachines/jdk1.8.0_301.jdk/Contents/Home/jre/lib/libawt.dylib
0x00000001329ae000 	/Library/Java/JavaVirtualMachines/jdk1.8.0_301.jdk/Contents/Home/jre/lib/libmlib_image.dylib
0x00007fff3906f000 	/System/Library/Frameworks/JavaVM.framework/Versions/A/Frameworks/JavaNativeFoundation.framework/Versions/A/JavaNativeFoundation
0x00007fff39078000 	/System/Library/Frameworks/JavaVM.framework/Versions/A/Frameworks/JavaRuntimeSupport.framework/Versions/A/JavaRuntimeSupport
0x00007fff39081000 	/System/Library/Frameworks/JavaVM.framework/Versions/A/JavaVM
0x00007fff599c4000 	/System/Library/PrivateFrameworks/JavaLaunching.framework/Versions/A/JavaLaunching
0x00007fff33360000 	/System/Library/Frameworks/Carbon.framework/Versions/A/Carbon
0x00007fff33361000 	/System/Library/Frameworks/Carbon.framework/Versions/A/Frameworks/CommonPanels.framework/Versions/A/CommonPanels
0x00007fff3365a000 	/System/Library/Frameworks/Carbon.framework/Versions/A/Frameworks/Help.framework/Versions/A/Help
0x00007fff3365e000 	/System/Library/Frameworks/Carbon.framework/Versions/A/Frameworks/ImageCapture.framework/Versions/A/ImageCapture
0x00007fff33665000 	/System/Library/Frameworks/Carbon.framework/Versions/A/Frameworks/OpenScripting.framework/Versions/A/OpenScripting
0x00007fff33664000 	/System/Library/Frameworks/Carbon.framework/Versions/A/Frameworks/Ink.framework/Versions/A/Ink
0x00007fff336a0000 	/System/Library/Frameworks/Carbon.framework/Versions/A/Frameworks/Print.framework/Versions/A/Print
0x00007fff336a1000 	/System/Library/Frameworks/Carbon.framework/Versions/A/Frameworks/SecurityHI.framework/Versions/A/SecurityHI
0x0000000132a66000 	/Library/Java/JavaVirtualMachines/jdk1.8.0_301.jdk/Contents/Home/jre/lib/libawt_lwawt.dylib
0x00000001325cc000 	/Library/Java/JavaVirtualMachines/jdk1.8.0_301.jdk/Contents/Home/jre/lib/libosxapp.dylib
0x00007fff36c33000 	/System/Library/Frameworks/ExceptionHandling.framework/Versions/A/ExceptionHandling
0x00000001331cb000 	/Library/Java/JavaVirtualMachines/jdk1.8.0_301.jdk/Contents/Home/jre/lib/libfontmanager.dylib
0x000000013265b000 	/Library/Java/JavaVirtualMachines/jdk1.8.0_301.jdk/Contents/Home/jre/lib/libosxui.dylib
0x0000000132714000 	/Library/Java/JavaVirtualMachines/jdk1.8.0_301.jdk/Contents/Home/jre/lib/libnio.dylib
0x00000001286eb000 	/Users/arvine/.javacpp/cache/drone-0.0.1-SNAPSHOT-jar-with-dependencies.jar/org/bytedeco/javacpp/macosx-x86_64/libjnijavacpp.dylib
0x000000012b1b0000 	/Users/arvine/.javacpp/cache/drone-0.0.1-SNAPSHOT-jar-with-dependencies.jar/org/bytedeco/ffmpeg/macosx-x86_64/libavutil.56.dylib
0x000000012b43a000 	/Users/arvine/.javacpp/cache/drone-0.0.1-SNAPSHOT-jar-with-dependencies.jar/org/bytedeco/ffmpeg/macosx-x86_64/libjniavutil.dylib
0x000000012b744000 	/Users/arvine/.javacpp/cache/drone-0.0.1-SNAPSHOT-jar-with-dependencies.jar/org/bytedeco/ffmpeg/macosx-x86_64/libswresample.3.dylib
0x000000012b785000 	/Users/arvine/.javacpp/cache/drone-0.0.1-SNAPSHOT-jar-with-dependencies.jar/org/bytedeco/ffmpeg/macosx-x86_64/libjniswresample.dylib
0x0000000136607000 	/Users/arvine/.javacpp/cache/drone-0.0.1-SNAPSHOT-jar-with-dependencies.jar/org/bytedeco/ffmpeg/macosx-x86_64/libavcodec.58.dylib
0x000000012b795000 	/Users/arvine/.javacpp/cache/drone-0.0.1-SNAPSHOT-jar-with-dependencies.jar/org/bytedeco/ffmpeg/macosx-x86_64/libjniavcodec.dylib
0x000000012b872000 	/Users/arvine/.javacpp/cache/drone-0.0.1-SNAPSHOT-jar-with-dependencies.jar/org/bytedeco/ffmpeg/macosx-x86_64/libavformat.58.dylib
0x000000012bd11000 	/Users/arvine/.javacpp/cache/drone-0.0.1-SNAPSHOT-jar-with-dependencies.jar/org/bytedeco/ffmpeg/macosx-x86_64/libjniavformat.dylib
0x000000012bdc9000 	/Users/arvine/.javacpp/cache/drone-0.0.1-SNAPSHOT-jar-with-dependencies.jar/org/bytedeco/ffmpeg/macosx-x86_64/libswscale.5.dylib
0x000000012be98000 	/Users/arvine/.javacpp/cache/drone-0.0.1-SNAPSHOT-jar-with-dependencies.jar/org/bytedeco/ffmpeg/macosx-x86_64/libjniswscale.dylib
0x000000012beae000 	/Users/arvine/.javacpp/cache/drone-0.0.1-SNAPSHOT-jar-with-dependencies.jar/org/bytedeco/ffmpeg/macosx-x86_64/libpostproc.55.dylib
0x000000012bed1000 	/Users/arvine/.javacpp/cache/drone-0.0.1-SNAPSHOT-jar-with-dependencies.jar/org/bytedeco/ffmpeg/macosx-x86_64/libjnipostproc.dylib
0x000000012bee0000 	/Users/arvine/.javacpp/cache/drone-0.0.1-SNAPSHOT-jar-with-dependencies.jar/org/bytedeco/ffmpeg/macosx-x86_64/libavfilter.7.dylib
0x000000012c492000 	/Users/arvine/.javacpp/cache/drone-0.0.1-SNAPSHOT-jar-with-dependencies.jar/org/bytedeco/ffmpeg/macosx-x86_64/libjniavfilter.dylib
0x00000001286f7000 	/Users/arvine/.javacpp/cache/drone-0.0.1-SNAPSHOT-jar-with-dependencies.jar/org/bytedeco/ffmpeg/macosx-x86_64/libavdevice.58.dylib
0x00007fff2ff8b000 	/System/Library/Frameworks/AVFoundation.framework/Versions/A/AVFoundation
0x00007fff30187000 	/System/Library/Frameworks/AVFoundation.framework/Versions/A/Frameworks/AVFAudio.framework/Versions/A/AVFAudio
0x00007fff359db000 	/System/Library/Frameworks/CoreMediaIO.framework/Versions/A/CoreMediaIO
0x00007fff6b0a5000 	/usr/lib/libAudioStatistics.dylib
0x00007fff68619000 	/System/Library/PrivateFrameworks/perfdata.framework/Versions/A/perfdata
0x00007fff6d5b2000 	/usr/lib/libperfcheck.dylib
0x00007fff6b59d000 	/usr/lib/libSMC.dylib
0x000000012b763000 	/Users/arvine/.javacpp/cache/drone-0.0.1-SNAPSHOT-jar-with-dependencies.jar/org/bytedeco/ffmpeg/macosx-x86_64/libjniavdevice.dylib

VM Arguments:
jvm_args: -Dfile.encoding=UTF-8 
java_command: farmItem.MainApp
java_class_path (initial): /Users/arvine/Desktop/Draft/bin:/Users/arvine/Desktop/jdrone/target/drone-0.0.1-SNAPSHOT.jar:/Users/arvine/Desktop/jdrone/target/drone-0.0.1-SNAPSHOT-jar-with-dependencies.jar
Launcher Type: SUN_STANDARD

Environment Variables:
PATH=/usr/bin:/bin:/usr/sbin:/sbin
SHELL=/bin/zsh

Signal Handlers:
SIGSEGV: [libjvm.dylib+0x59bf91], sa_mask[0]=11111111011111110111111111111111, sa_flags=SA_ONSTACK|SA_RESTART|SA_SIGINFO
SIGBUS: [libjvm.dylib+0x59bf91], sa_mask[0]=11111111011111110111111111111111, sa_flags=SA_RESTART|SA_SIGINFO
SIGFPE: [libjvm.dylib+0x48f9b7], sa_mask[0]=11111111011111110111111111111111, sa_flags=SA_RESTART|SA_SIGINFO
SIGPIPE: [libjvm.dylib+0x48f9b7], sa_mask[0]=11111111011111110111111111111111, sa_flags=SA_RESTART|SA_SIGINFO
SIGXFSZ: [libjvm.dylib+0x48f9b7], sa_mask[0]=11111111011111110111111111111111, sa_flags=SA_RESTART|SA_SIGINFO
SIGILL: [libjvm.dylib+0x48f9b7], sa_mask[0]=11111111011111110111111111111111, sa_flags=SA_RESTART|SA_SIGINFO
SIGUSR1: SIG_DFL, sa_mask[0]=00000000000000000000000000000000, sa_flags=none
SIGUSR2: [libjvm.dylib+0x4902a6], sa_mask[0]=00100000000000000000000000000000, sa_flags=SA_RESTART|SA_SIGINFO
SIGHUP: [libjvm.dylib+0x48e503], sa_mask[0]=11111111011111110111111111111111, sa_flags=SA_RESTART|SA_SIGINFO
SIGINT: [libjvm.dylib+0x48e503], sa_mask[0]=11111111011111110111111111111111, sa_flags=SA_RESTART|SA_SIGINFO
SIGTERM: [libjvm.dylib+0x48e503], sa_mask[0]=11111111011111110111111111111111, sa_flags=SA_RESTART|SA_SIGINFO
SIGQUIT: [libjvm.dylib+0x48e503], sa_mask[0]=11111111011111110111111111111111, sa_flags=SA_RESTART|SA_SIGINFO


---------------  S Y S T E M  ---------------

OS:Bsduname:Darwin 19.4.0 Darwin Kernel Version 19.4.0: Wed Mar  4 22:28:40 PST 2020; root:xnu-6153.101.6~15/RELEASE_X86_64 x86_64
rlimit: STACK 8192k, CORE 0k, NPROC 1392, NOFILE 10240, AS infinity
load average:2.61 2.98 3.58

CPU:total 4 (initial active 4) (2 cores per cpu, 2 threads per core) family 6 model 142 stepping 9, cmov, cx8, fxsr, mmx, sse, sse2, sse3, ssse3, sse4.1, sse4.2, popcnt, avx, avx2, aes, clmul, erms, 3dnowpref, lzcnt, ht, tsc, tscinvbit, bmi1, bmi2, adx

Memory: 4k page, physical 8388608k(76928k free)

/proc/meminfo:


vm_info: Java HotSpot(TM) 64-Bit Server VM (25.301-b09) for bsd-amd64 JRE (1.8.0_301-b09), built on Jun  9 2021 14:35:36 by "java_re" with gcc 4.2.1 Compatible Apple LLVM 11.0.0 (clang-1100.0.33.17)

time: Fri Nov 19 17:37:17 2021
timezone: CST
elapsed time: 232.880898 seconds (0d 0h 3m 52s)

